<?xml version="1.0" encoding="UTF-8"?>
<testsuite xmlns:xsi="http://www.w3.org/2001/XMLSchema-instance" xsi:noNamespaceSchemaLocation="https://maven.apache.org/surefire/maven-surefire-plugin/xsd/surefire-test-report.xsd" name="br.com.digitalinnovationone.TestVisitanteService" time="0.084" tests="2" errors="0" skipped="0" failures="0">
  <properties>
[...]
</properties>
  <testcase name="deveCadastrarVisitanteMasDeveLancarVisitanteNaoInformadoException" classname="br.com.digitalinnovationone.TestVisitanteService" time="0.05"/>
  <testcase name="deveCadastrarVisitanteComSucesso" classname="br.com.digitalinnovationone.TestVisitanteService" time="0.007"/>
</testsuite>